2021-08-05 10:07:33,878 INFO  [main] com.el.easupload.EasUploadApplication : Starting EasUploadApplication using Java 1.8.0_191 on XiaoXinPro with PID 2196 (D:\Users\alan\IdeaProjects\EASUpload\target\classes started by alan in D:\Users\alan\IdeaProjects\EASUpload)
2021-08-05 10:07:33,880 DEBUG [main] com.el.easupload.EasUploadApplication : Running with Spring Boot v2.5.3, Spring v5.3.9
2021-08-05 10:07:33,880 INFO  [main] com.el.easupload.EasUploadApplication : No active profile set, falling back to default profiles: default
2021-08-05 10:07:34,591 WARN  [main] org.mybatis.spring.mapper.ClassPathMapperScanner : No MyBatis mapper was found in '[com.el.easupload]' package. Please check your configuration.
2021-08-05 10:07:34,716 INFO  [main] org.springframework.context.support.PostProcessorRegistrationDelegate$BeanPostProcessorChecker : Bean 'org.springframework.ws.config.annotation.DelegatingWsConfiguration' of type [org.springframework.ws.config.annotation.DelegatingWsConfiguration$$EnhancerBySpringCGLIB$$4ab42a8d] is not eligible for getting processed by all BeanPostProcessors (for example: not eligible for auto-proxying)
2021-08-05 10:07:34,749 INFO  [main] org.springframework.ws.soap.addressing.server.AnnotationActionEndpointMapping : Supporting [WS-Addressing August 2004, WS-Addressing 1.0]
2021-08-05 10:07:34,972 INFO  [main] org.springframework.boot.web.embedded.tomcat.TomcatWebServer : Tomcat initialized with port(s): 8014 (http)
2021-08-05 10:07:34,981 INFO  [main] org.apache.catalina.core.StandardService : Starting service [Tomcat]
2021-08-05 10:07:34,981 INFO  [main] org.apache.catalina.core.StandardEngine : Starting Servlet engine: [Apache Tomcat/9.0.50]
2021-08-05 10:07:35,071 INFO  [main] org.apache.catalina.core.ContainerBase.[Tomcat].[localhost].[/returnmsg] : Initializing Spring embedded WebApplicationContext
2021-08-05 10:07:35,071 INFO  [main] org.springframework.boot.web.servlet.context.ServletWebServerApplicationContext : Root WebApplicationContext: initialization completed in 1155 ms
2021-08-05 10:07:35,342 WARN  [main] org.springframework.boot.autoconfigure.thymeleaf.ThymeleafAutoConfiguration$DefaultTemplateResolverConfiguration : Cannot find template location: classpath:/templates/ (please add some templates or check your Thymeleaf configuration)
2021-08-05 10:07:35,536 WARN  [main] org.springframework.boot.starter.ws.WsStarterDeprecationWarningAutoConfiguration : spring-boot-starter-ws is deprecated as of Spring Boot 1.4, please migrate to spring-boot-starter-web-services
2021-08-05 10:07:35,569 INFO  [main] org.springframework.boot.web.embedded.tomcat.TomcatWebServer : Tomcat started on port(s): 8014 (http) with context path '/returnmsg'
2021-08-05 10:07:35,633 INFO  [main] com.el.easupload.EasUploadApplication : Started EasUploadApplication in 2.332 seconds (JVM running for 3.495)
2021-08-05 11:14:34,236 INFO  [main] com.el.easupload.EasUploadApplication : Starting EasUploadApplication using Java 1.8.0_191 on XiaoXinPro with PID 4220 (D:\Users\alan\IdeaProjects\EASUpload\target\classes started by alan in D:\Users\alan\IdeaProjects\EASUpload)
2021-08-05 11:14:34,237 DEBUG [main] com.el.easupload.EasUploadApplication : Running with Spring Boot v2.5.3, Spring v5.3.9
2021-08-05 11:14:34,237 INFO  [main] com.el.easupload.EasUploadApplication : No active profile set, falling back to default profiles: default
2021-08-05 11:14:34,967 WARN  [main] org.mybatis.spring.mapper.ClassPathMapperScanner : No MyBatis mapper was found in '[com.el.easupload]' package. Please check your configuration.
2021-08-05 11:14:35,099 INFO  [main] org.springframework.context.support.PostProcessorRegistrationDelegate$BeanPostProcessorChecker : Bean 'org.springframework.ws.config.annotation.DelegatingWsConfiguration' of type [org.springframework.ws.config.annotation.DelegatingWsConfiguration$$EnhancerBySpringCGLIB$$8c3b95e5] is not eligible for getting processed by all BeanPostProcessors (for example: not eligible for auto-proxying)
2021-08-05 11:14:35,146 INFO  [main] org.springframework.ws.soap.addressing.server.AnnotationActionEndpointMapping : Supporting [WS-Addressing August 2004, WS-Addressing 1.0]
2021-08-05 11:14:35,361 INFO  [main] org.springframework.boot.web.embedded.tomcat.TomcatWebServer : Tomcat initialized with port(s): 8014 (http)
2021-08-05 11:14:35,374 INFO  [main] org.apache.catalina.core.StandardService : Starting service [Tomcat]
2021-08-05 11:14:35,374 INFO  [main] org.apache.catalina.core.StandardEngine : Starting Servlet engine: [Apache Tomcat/9.0.50]
2021-08-05 11:14:35,475 INFO  [main] org.apache.catalina.core.ContainerBase.[Tomcat].[localhost].[/easupload] : Initializing Spring embedded WebApplicationContext
2021-08-05 11:14:35,475 INFO  [main] org.springframework.boot.web.servlet.context.ServletWebServerApplicationContext : Root WebApplicationContext: initialization completed in 1188 ms
2021-08-05 11:14:35,751 WARN  [main] org.springframework.boot.autoconfigure.thymeleaf.ThymeleafAutoConfiguration$DefaultTemplateResolverConfiguration : Cannot find template location: classpath:/templates/ (please add some templates or check your Thymeleaf configuration)
2021-08-05 11:14:35,950 WARN  [main] org.springframework.boot.starter.ws.WsStarterDeprecationWarningAutoConfiguration : spring-boot-starter-ws is deprecated as of Spring Boot 1.4, please migrate to spring-boot-starter-web-services
2021-08-05 11:14:35,987 INFO  [main] org.springframework.boot.web.embedded.tomcat.TomcatWebServer : Tomcat started on port(s): 8014 (http) with context path '/easupload'
2021-08-05 11:14:36,058 INFO  [main] com.el.easupload.EasUploadApplication : Started EasUploadApplication in 2.421 seconds (JVM running for 3.596)
2021-08-05 16:45:28,806 INFO  [main] com.el.easupload.EasUploadApplicationTests : Starting EasUploadApplicationTests using Java 1.8.0_191 on XiaoXinPro with PID 9200 (started by alan in D:\Users\alan\IdeaProjects\EASUpload)
2021-08-05 16:45:28,822 DEBUG [main] com.el.easupload.EasUploadApplicationTests : Running with Spring Boot v2.5.3, Spring v5.3.9
2021-08-05 16:45:28,823 INFO  [main] com.el.easupload.EasUploadApplicationTests : No active profile set, falling back to default profiles: default
2021-08-05 16:45:29,721 INFO  [main] org.springframework.context.support.PostProcessorRegistrationDelegate$BeanPostProcessorChecker : Bean 'org.springframework.ws.config.annotation.DelegatingWsConfiguration' of type [org.springframework.ws.config.annotation.DelegatingWsConfiguration$$EnhancerBySpringCGLIB$$15777d98] is not eligible for getting processed by all BeanPostProcessors (for example: not eligible for auto-proxying)
2021-08-05 16:45:29,820 INFO  [main] org.springframework.ws.soap.addressing.server.AnnotationActionEndpointMapping : Supporting [WS-Addressing August 2004, WS-Addressing 1.0]
2021-08-05 16:45:30,621 WARN  [main] org.springframework.boot.autoconfigure.thymeleaf.ThymeleafAutoConfiguration$DefaultTemplateResolverConfiguration : Cannot find template location: classpath:/templates/ (please add some templates or check your Thymeleaf configuration)
2021-08-05 16:45:31,056 WARN  [main] org.springframework.boot.starter.ws.WsStarterDeprecationWarningAutoConfiguration : spring-boot-starter-ws is deprecated as of Spring Boot 1.4, please migrate to spring-boot-starter-web-services
2021-08-05 16:45:31,099 INFO  [main] com.el.easupload.EasUploadApplicationTests : Started EasUploadApplicationTests in 2.683 seconds (JVM running for 3.762)
2021-08-05 18:24:40,741 INFO  [main] com.el.easupload.EasUploadApplicationTests : Starting EasUploadApplicationTests using Java 1.8.0_191 on XiaoXinPro with PID 14164 (started by alan in D:\Users\alan\IdeaProjects\EASUpload)
2021-08-05 18:24:40,743 DEBUG [main] com.el.easupload.EasUploadApplicationTests : Running with Spring Boot v2.5.3, Spring v5.3.9
2021-08-05 18:24:40,745 INFO  [main] com.el.easupload.EasUploadApplicationTests : No active profile set, falling back to default profiles: default
2021-08-05 18:24:41,624 INFO  [main] org.springframework.context.support.PostProcessorRegistrationDelegate$BeanPostProcessorChecker : Bean 'org.springframework.ws.config.annotation.DelegatingWsConfiguration' of type [org.springframework.ws.config.annotation.DelegatingWsConfiguration$$EnhancerBySpringCGLIB$$c0fab9cf] is not eligible for getting processed by all BeanPostProcessors (for example: not eligible for auto-proxying)
2021-08-05 18:24:41,682 INFO  [main] org.springframework.ws.soap.addressing.server.AnnotationActionEndpointMapping : Supporting [WS-Addressing August 2004, WS-Addressing 1.0]
2021-08-05 18:24:42,441 WARN  [main] org.springframework.boot.autoconfigure.thymeleaf.ThymeleafAutoConfiguration$DefaultTemplateResolverConfiguration : Cannot find template location: classpath:/templates/ (please add some templates or check your Thymeleaf configuration)
2021-08-05 18:24:42,828 WARN  [main] org.springframework.boot.starter.ws.WsStarterDeprecationWarningAutoConfiguration : spring-boot-starter-ws is deprecated as of Spring Boot 1.4, please migrate to spring-boot-starter-web-services
2021-08-05 18:24:42,863 INFO  [main] com.el.easupload.EasUploadApplicationTests : Started EasUploadApplicationTests in 2.559 seconds (JVM running for 3.543)
2021-08-05 18:27:02,665 INFO  [main] com.el.easupload.EasUploadApplicationTests : Starting EasUploadApplicationTests using Java 1.8.0_191 on XiaoXinPro with PID 4196 (started by alan in D:\Users\alan\IdeaProjects\EASUpload)
2021-08-05 18:27:02,667 DEBUG [main] com.el.easupload.EasUploadApplicationTests : Running with Spring Boot v2.5.3, Spring v5.3.9
2021-08-05 18:27:02,669 INFO  [main] com.el.easupload.EasUploadApplicationTests : No active profile set, falling back to default profiles: default
2021-08-05 18:27:03,668 INFO  [main] org.springframework.context.support.PostProcessorRegistrationDelegate$BeanPostProcessorChecker : Bean 'org.springframework.ws.config.annotation.DelegatingWsConfiguration' of type [org.springframework.ws.config.annotation.DelegatingWsConfiguration$$EnhancerBySpringCGLIB$$ec208eec] is not eligible for getting processed by all BeanPostProcessors (for example: not eligible for auto-proxying)
2021-08-05 18:27:03,716 INFO  [main] org.springframework.ws.soap.addressing.server.AnnotationActionEndpointMapping : Supporting [WS-Addressing August 2004, WS-Addressing 1.0]
2021-08-05 18:27:04,490 WARN  [main] org.springframework.boot.autoconfigure.thymeleaf.ThymeleafAutoConfiguration$DefaultTemplateResolverConfiguration : Cannot find template location: classpath:/templates/ (please add some templates or check your Thymeleaf configuration)
2021-08-05 18:27:04,955 WARN  [main] org.springframework.boot.starter.ws.WsStarterDeprecationWarningAutoConfiguration : spring-boot-starter-ws is deprecated as of Spring Boot 1.4, please migrate to spring-boot-starter-web-services
2021-08-05 18:27:05,000 INFO  [main] com.el.easupload.EasUploadApplicationTests : Started EasUploadApplicationTests in 2.777 seconds (JVM running for 3.884)
2021-08-05 18:27:29,237 INFO  [main] com.el.easupload.EasUploadApplicationTests : Starting EasUploadApplicationTests using Java 1.8.0_191 on XiaoXinPro with PID 20516 (started by alan in D:\Users\alan\IdeaProjects\EASUpload)
2021-08-05 18:27:29,239 DEBUG [main] com.el.easupload.EasUploadApplicationTests : Running with Spring Boot v2.5.3, Spring v5.3.9
2021-08-05 18:27:29,240 INFO  [main] com.el.easupload.EasUploadApplicationTests : No active profile set, falling back to default profiles: default
2021-08-05 18:27:30,145 INFO  [main] org.springframework.context.support.PostProcessorRegistrationDelegate$BeanPostProcessorChecker : Bean 'org.springframework.ws.config.annotation.DelegatingWsConfiguration' of type [org.springframework.ws.config.annotation.DelegatingWsConfiguration$$EnhancerBySpringCGLIB$$c0fab9cf] is not eligible for getting processed by all BeanPostProcessors (for example: not eligible for auto-proxying)
2021-08-05 18:27:30,188 INFO  [main] org.springframework.ws.soap.addressing.server.AnnotationActionEndpointMapping : Supporting [WS-Addressing August 2004, WS-Addressing 1.0]
2021-08-05 18:27:30,906 WARN  [main] org.springframework.boot.autoconfigure.thymeleaf.ThymeleafAutoConfiguration$DefaultTemplateResolverConfiguration : Cannot find template location: classpath:/templates/ (please add some templates or check your Thymeleaf configuration)
2021-08-05 18:27:31,351 WARN  [main] org.springframework.boot.starter.ws.WsStarterDeprecationWarningAutoConfiguration : spring-boot-starter-ws is deprecated as of Spring Boot 1.4, please migrate to spring-boot-starter-web-services
2021-08-05 18:27:31,399 INFO  [main] com.el.easupload.EasUploadApplicationTests : Started EasUploadApplicationTests in 2.54 seconds (JVM running for 3.488)
2021-08-05 18:46:43,563 INFO  [main] com.el.easupload.EasUploadApplicationTests : Starting EasUploadApplicationTests using Java 1.8.0_191 on XiaoXinPro with PID 11048 (started by alan in D:\Users\alan\IdeaProjects\EASUpload)
2021-08-05 18:46:43,564 DEBUG [main] com.el.easupload.EasUploadApplicationTests : Running with Spring Boot v2.5.3, Spring v5.3.9
2021-08-05 18:46:43,566 INFO  [main] com.el.easupload.EasUploadApplicationTests : No active profile set, falling back to default profiles: default
2021-08-05 18:46:44,382 WARN  [main] org.mybatis.spring.mapper.ClassPathMapperScanner : No MyBatis mapper was found in '[com.el.easupload]' package. Please check your configuration.
2021-08-05 18:46:44,553 INFO  [main] org.springframework.context.support.PostProcessorRegistrationDelegate$BeanPostProcessorChecker : Bean 'org.springframework.ws.config.annotation.DelegatingWsConfiguration' of type [org.springframework.ws.config.annotation.DelegatingWsConfiguration$$EnhancerBySpringCGLIB$$799df91d] is not eligible for getting processed by all BeanPostProcessors (for example: not eligible for auto-proxying)
2021-08-05 18:46:44,604 INFO  [main] org.springframework.ws.soap.addressing.server.AnnotationActionEndpointMapping : Supporting [WS-Addressing August 2004, WS-Addressing 1.0]
2021-08-05 18:46:45,375 WARN  [main] org.springframework.boot.autoconfigure.thymeleaf.ThymeleafAutoConfiguration$DefaultTemplateResolverConfiguration : Cannot find template location: classpath:/templates/ (please add some templates or check your Thymeleaf configuration)
2021-08-05 18:46:45,873 WARN  [main] org.springframework.boot.starter.ws.WsStarterDeprecationWarningAutoConfiguration : spring-boot-starter-ws is deprecated as of Spring Boot 1.4, please migrate to spring-boot-starter-web-services
2021-08-05 18:46:45,891 INFO  [main] com.el.easupload.EasUploadApplicationTests : Started EasUploadApplicationTests in 2.76 seconds (JVM running for 3.861)
2021-08-05 18:46:45,986 ERROR [main] org.springframework.test.context.TestContextManager : Caught exception while allowing TestExecutionListener [org.springframework.boot.test.autoconfigure.SpringBootDependencyInjectionTestExecutionListener@76a4ebf2] to prepare test instance [com.el.easupload.EasUploadApplicationTests@5db6b845]
org.springframework.beans.factory.BeanCreationException: Error creating bean with name 'com.el.easupload.EasUploadApplicationTests': Injection of resource dependencies failed; nested exception is org.springframework.beans.factory.NoSuchBeanDefinitionException: No qualifying bean of type 'com.el.easupload.dao.F550911zDao' available: expected at least 1 bean which qualifies as autowire candidate. Dependency annotations: {@javax.annotation.Resource(shareable=true, lookup=, name=, description=, authenticationType=CONTAINER, type=class java.lang.Object, mappedName=)}
	at org.springframework.context.annotation.CommonAnnotationBeanPostProcessor.postProcessProperties(CommonAnnotationBeanPostProcessor.java:321)
	at org.springframework.beans.factory.support.AbstractAutowireCapableBeanFactory.populateBean(AbstractAutowireCapableBeanFactory.java:1413)
	at org.springframework.beans.factory.support.AbstractAutowireCapableBeanFactory.autowireBeanProperties(AbstractAutowireCapableBeanFactory.java:399)
	at org.springframework.test.context.support.DependencyInjectionTestExecutionListener.injectDependencies(DependencyInjectionTestExecutionListener.java:119)
	at org.springframework.test.context.support.DependencyInjectionTestExecutionListener.prepareTestInstance(DependencyInjectionTestExecutionListener.java:83)
	at org.springframework.boot.test.autoconfigure.SpringBootDependencyInjectionTestExecutionListener.prepareTestInstance(SpringBootDependencyInjectionTestExecutionListener.java:43)
	at org.springframework.test.context.TestContextManager.prepareTestInstance(TestContextManager.java:244)
	at org.springframework.test.context.junit.jupiter.SpringExtension.postProcessTestInstance(SpringExtension.java:138)
	at org.junit.jupiter.engine.descriptor.ClassBasedTestDescriptor.lambda$invokeTestInstancePostProcessors$6(ClassBasedTestDescriptor.java:350)
	at org.junit.jupiter.engine.descriptor.ClassBasedTestDescriptor.executeAndMaskThrowable(ClassBasedTestDescriptor.java:355)
	at org.junit.jupiter.engine.descriptor.ClassBasedTestDescriptor.lambda$invokeTestInstancePostProcessors$7(ClassBasedTestDescriptor.java:350)
	at java.util.stream.ReferencePipeline$3$1.accept(ReferencePipeline.java:193)
	at java.util.stream.ReferencePipeline$2$1.accept(ReferencePipeline.java:175)
	at java.util.ArrayList$ArrayListSpliterator.forEachRemaining(ArrayList.java:1382)
	at java.util.stream.AbstractPipeline.copyInto(AbstractPipeline.java:481)
	at java.util.stream.AbstractPipeline.wrapAndCopyInto(AbstractPipeline.java:471)
	at java.util.stream.StreamSpliterators$WrappingSpliterator.forEachRemaining(StreamSpliterators.java:312)
	at java.util.stream.Streams$ConcatSpliterator.forEachRemaining(Streams.java:743)
	at java.util.stream.Streams$ConcatSpliterator.forEachRemaining(Streams.java:742)
	at java.util.stream.ReferencePipeline$Head.forEach(ReferencePipeline.java:580)
	at org.junit.jupiter.engine.descriptor.ClassBasedTestDescriptor.invokeTestInstancePostProcessors(ClassBasedTestDescriptor.java:349)
	at org.junit.jupiter.engine.descriptor.ClassBasedTestDescriptor.lambda$instantiateAndPostProcessTestInstance$4(ClassBasedTestDescriptor.java:270)
	at org.junit.platform.engine.support.hierarchical.ThrowableCollector.execute(ThrowableCollector.java:73)
	at org.junit.jupiter.engine.descriptor.ClassBasedTestDescriptor.instantiateAndPostProcessTestInstance(ClassBasedTestDescriptor.java:269)
	at org.junit.jupiter.engine.descriptor.ClassBasedTestDescriptor.lambda$testInstancesProvider$2(ClassBasedTestDescriptor.java:259)
	at java.util.Optional.orElseGet(Optional.java:267)
	at org.junit.jupiter.engine.descriptor.ClassBasedTestDescriptor.lambda$testInstancesProvider$3(ClassBasedTestDescriptor.java:258)
	at org.junit.jupiter.engine.execution.TestInstancesProvider.getTestInstances(TestInstancesProvider.java:31)
	at org.junit.jupiter.engine.descriptor.TestMethodTestDescriptor.lambda$prepare$0(TestMethodTestDescriptor.java:101)
	at org.junit.platform.engine.support.hierarchical.ThrowableCollector.execute(ThrowableCollector.java:73)
	at org.junit.jupiter.engine.descriptor.TestMethodTestDescriptor.prepare(TestMethodTestDescriptor.java:100)
	at org.junit.jupiter.engine.descriptor.TestMethodTestDescriptor.prepare(TestMethodTestDescriptor.java:65)
	at org.junit.platform.engine.support.hierarchical.NodeTestTask.lambda$prepare$1(NodeTestTask.java:111)
	at org.junit.platform.engine.support.hierarchical.ThrowableCollector.execute(ThrowableCollector.java:73)
	at org.junit.platform.engine.support.hierarchical.NodeTestTask.prepare(NodeTestTask.java:111)
	at org.junit.platform.engine.support.hierarchical.NodeTestTask.execute(NodeTestTask.java:79)
	at java.util.ArrayList.forEach(ArrayList.java:1257)
	at org.junit.platform.engine.support.hierarchical.SameThreadHierarchicalTestExecutorService.invokeAll(SameThreadHierarchicalTestExecutorService.java:38)
	at org.junit.platform.engine.support.hierarchical.NodeTestTask.lambda$executeRecursively$5(NodeTestTask.java:143)
	at org.junit.platform.engine.support.hierarchical.ThrowableCollector.execute(ThrowableCollector.java:73)
	at org.junit.platform.engine.support.hierarchical.NodeTestTask.lambda$executeRecursively$7(NodeTestTask.java:129)
	at org.junit.platform.engine.support.hierarchical.Node.around(Node.java:137)
	at org.junit.platform.engine.support.hierarchical.NodeTestTask.lambda$executeRecursively$8(NodeTestTask.java:127)
	at org.junit.platform.engine.support.hierarchical.ThrowableCollector.execute(ThrowableCollector.java:73)
	at org.junit.platform.engine.support.hierarchical.NodeTestTask.executeRecursively(NodeTestTask.java:126)
	at org.junit.platform.engine.support.hierarchical.NodeTestTask.execute(NodeTestTask.java:84)
	at java.util.ArrayList.forEach(ArrayList.java:1257)
	at org.junit.platform.engine.support.hierarchical.SameThreadHierarchicalTestExecutorService.invokeAll(SameThreadHierarchicalTestExecutorService.java:38)
	at org.junit.platform.engine.support.hierarchical.NodeTestTask.lambda$executeRecursively$5(NodeTestTask.java:143)
	at org.junit.platform.engine.support.hierarchical.ThrowableCollector.execute(ThrowableCollector.java:73)
	at org.junit.platform.engine.support.hierarchical.NodeTestTask.lambda$executeRecursively$7(NodeTestTask.java:129)
	at org.junit.platform.engine.support.hierarchical.Node.around(Node.java:137)
	at org.junit.platform.engine.support.hierarchical.NodeTestTask.lambda$executeRecursively$8(NodeTestTask.java:127)
	at org.junit.platform.engine.support.hierarchical.ThrowableCollector.execute(ThrowableCollector.java:73)
	at org.junit.platform.engine.support.hierarchical.NodeTestTask.executeRecursively(NodeTestTask.java:126)
	at org.junit.platform.engine.support.hierarchical.NodeTestTask.execute(NodeTestTask.java:84)
	at org.junit.platform.engine.support.hierarchical.SameThreadHierarchicalTestExecutorService.submit(SameThreadHierarchicalTestExecutorService.java:32)
	at org.junit.platform.engine.support.hierarchical.HierarchicalTestExecutor.execute(HierarchicalTestExecutor.java:57)
	at org.junit.platform.engine.support.hierarchical.HierarchicalTestEngine.execute(HierarchicalTestEngine.java:51)
	at org.junit.platform.launcher.core.EngineExecutionOrchestrator.execute(EngineExecutionOrchestrator.java:108)
	at org.junit.platform.launcher.core.EngineExecutionOrchestrator.execute(EngineExecutionOrchestrator.java:88)
	at org.junit.platform.launcher.core.EngineExecutionOrchestrator.lambda$execute$0(EngineExecutionOrchestrator.java:54)
	at org.junit.platform.launcher.core.EngineExecutionOrchestrator.withInterceptedStreams(EngineExecutionOrchestrator.java:67)
	at org.junit.platform.launcher.core.EngineExecutionOrchestrator.execute(EngineExecutionOrchestrator.java:52)
	at org.junit.platform.launcher.core.DefaultLauncher.execute(DefaultLauncher.java:96)
	at org.junit.platform.launcher.core.DefaultLauncher.execute(DefaultLauncher.java:75)
	at com.intellij.junit5.JUnit5IdeaTestRunner.startRunnerWithArgs(JUnit5IdeaTestRunner.java:71)
	at com.intellij.rt.junit.IdeaTestRunner$Repeater.startRunnerWithArgs(IdeaTestRunner.java:33)
	at com.intellij.rt.junit.JUnitStarter.prepareStreamsAndStart(JUnitStarter.java:221)
	at com.intellij.rt.junit.JUnitStarter.main(JUnitStarter.java:54)
Caused by: org.springframework.beans.factory.NoSuchBeanDefinitionException: No qualifying bean of type 'com.el.easupload.dao.F550911zDao' available: expected at least 1 bean which qualifies as autowire candidate. Dependency annotations: {@javax.annotation.Resource(shareable=true, lookup=, name=, description=, authenticationType=CONTAINER, type=class java.lang.Object, mappedName=)}
	at org.springframework.beans.factory.support.DefaultListableBeanFactory.raiseNoMatchingBeanFound(DefaultListableBeanFactory.java:1790)
	at org.springframework.beans.factory.support.DefaultListableBeanFactory.doResolveDependency(DefaultListableBeanFactory.java:1346)
	at org.springframework.beans.factory.support.DefaultListableBeanFactory.resolveDependency(DefaultListableBeanFactory.java:1300)
	at org.springframework.context.annotation.CommonAnnotationBeanPostProcessor.autowireResource(CommonAnnotationBeanPostProcessor.java:521)
	at org.springframework.context.annotation.CommonAnnotationBeanPostProcessor.getResource(CommonAnnotationBeanPostProcessor.java:497)
	at org.springframework.context.annotation.CommonAnnotationBeanPostProcessor$ResourceElement.getResourceToInject(CommonAnnotationBeanPostProcessor.java:650)
	at org.springframework.beans.factory.annotation.InjectionMetadata$InjectedElement.inject(InjectionMetadata.java:228)
	at org.springframework.beans.factory.annotation.InjectionMetadata.inject(InjectionMetadata.java:119)
	at org.springframework.context.annotation.CommonAnnotationBeanPostProcessor.postProcessProperties(CommonAnnotationBeanPostProcessor.java:318)
	... 69 common frames omitted
2021-08-05 18:49:08,777 INFO  [main] com.el.easupload.EasUploadApplicationTests : Starting EasUploadApplicationTests using Java 1.8.0_191 on XiaoXinPro with PID 23680 (started by alan in D:\Users\alan\IdeaProjects\EASUpload)
2021-08-05 18:49:08,779 DEBUG [main] com.el.easupload.EasUploadApplicationTests : Running with Spring Boot v2.5.3, Spring v5.3.9
2021-08-05 18:49:08,780 INFO  [main] com.el.easupload.EasUploadApplicationTests : No active profile set, falling back to default profiles: default
2021-08-05 18:49:09,676 INFO  [main] org.springframework.context.support.PostProcessorRegistrationDelegate$BeanPostProcessorChecker : Bean 'org.springframework.ws.config.annotation.DelegatingWsConfiguration' of type [org.springframework.ws.config.annotation.DelegatingWsConfiguration$$EnhancerBySpringCGLIB$$eadd6225] is not eligible for getting processed by all BeanPostProcessors (for example: not eligible for auto-proxying)
2021-08-05 18:49:09,723 INFO  [main] org.springframework.ws.soap.addressing.server.AnnotationActionEndpointMapping : Supporting [WS-Addressing August 2004, WS-Addressing 1.0]
2021-08-05 18:49:10,424 WARN  [main] org.springframework.boot.autoconfigure.thymeleaf.ThymeleafAutoConfiguration$DefaultTemplateResolverConfiguration : Cannot find template location: classpath:/templates/ (please add some templates or check your Thymeleaf configuration)
2021-08-05 18:49:10,791 WARN  [main] org.springframework.boot.starter.ws.WsStarterDeprecationWarningAutoConfiguration : spring-boot-starter-ws is deprecated as of Spring Boot 1.4, please migrate to spring-boot-starter-web-services
2021-08-05 18:49:10,829 INFO  [main] com.el.easupload.EasUploadApplicationTests : Started EasUploadApplicationTests in 2.439 seconds (JVM running for 3.385)
2021-08-05 18:51:13,121 INFO  [main] com.el.easupload.EasUploadApplicationTests : Starting EasUploadApplicationTests using Java 1.8.0_191 on XiaoXinPro with PID 10708 (started by alan in D:\Users\alan\IdeaProjects\EASUpload)
2021-08-05 18:51:13,122 DEBUG [main] com.el.easupload.EasUploadApplicationTests : Running with Spring Boot v2.5.3, Spring v5.3.9
2021-08-05 18:51:13,124 INFO  [main] com.el.easupload.EasUploadApplicationTests : No active profile set, falling back to default profiles: default
2021-08-05 18:51:13,958 INFO  [main] org.springframework.context.support.PostProcessorRegistrationDelegate$BeanPostProcessorChecker : Bean 'org.springframework.ws.config.annotation.DelegatingWsConfiguration' of type [org.springframework.ws.config.annotation.DelegatingWsConfiguration$$EnhancerBySpringCGLIB$$b0815a74] is not eligible for getting processed by all BeanPostProcessors (for example: not eligible for auto-proxying)
2021-08-05 18:51:14,003 INFO  [main] org.springframework.ws.soap.addressing.server.AnnotationActionEndpointMapping : Supporting [WS-Addressing August 2004, WS-Addressing 1.0]
2021-08-05 18:51:14,698 WARN  [main] org.springframework.boot.autoconfigure.thymeleaf.ThymeleafAutoConfiguration$DefaultTemplateResolverConfiguration : Cannot find template location: classpath:/templates/ (please add some templates or check your Thymeleaf configuration)
2021-08-05 18:51:15,076 WARN  [main] org.springframework.boot.starter.ws.WsStarterDeprecationWarningAutoConfiguration : spring-boot-starter-ws is deprecated as of Spring Boot 1.4, please migrate to spring-boot-starter-web-services
2021-08-05 18:51:15,117 INFO  [main] com.el.easupload.EasUploadApplicationTests : Started EasUploadApplicationTests in 2.39 seconds (JVM running for 3.356)
2021-08-05 18:59:45,960 INFO  [main] com.el.easupload.EasUploadApplication : Starting EasUploadApplication using Java 1.8.0_191 on XiaoXinPro with PID 11128 (D:\Users\alan\IdeaProjects\EASUpload\target\classes started by alan in D:\Users\alan\IdeaProjects\EASUpload)
2021-08-05 18:59:45,962 DEBUG [main] com.el.easupload.EasUploadApplication : Running with Spring Boot v2.5.3, Spring v5.3.9
2021-08-05 18:59:45,962 INFO  [main] com.el.easupload.EasUploadApplication : No active profile set, falling back to default profiles: default
2021-08-05 18:59:46,605 INFO  [main] org.springframework.context.support.PostProcessorRegistrationDelegate$BeanPostProcessorChecker : Bean 'org.springframework.ws.config.annotation.DelegatingWsConfiguration' of type [org.springframework.ws.config.annotation.DelegatingWsConfiguration$$EnhancerBySpringCGLIB$$ed4bc1bc] is not eligible for getting processed by all BeanPostProcessors (for example: not eligible for auto-proxying)
2021-08-05 18:59:46,635 INFO  [main] org.springframework.ws.soap.addressing.server.AnnotationActionEndpointMapping : Supporting [WS-Addressing August 2004, WS-Addressing 1.0]
2021-08-05 18:59:46,839 INFO  [main] org.springframework.boot.web.embedded.tomcat.TomcatWebServer : Tomcat initialized with port(s): 8014 (http)
2021-08-05 18:59:46,848 INFO  [main] org.apache.catalina.core.StandardService : Starting service [Tomcat]
2021-08-05 18:59:46,848 INFO  [main] org.apache.catalina.core.StandardEngine : Starting Servlet engine: [Apache Tomcat/9.0.50]
2021-08-05 18:59:46,934 INFO  [main] org.apache.catalina.core.ContainerBase.[Tomcat].[localhost].[/easupload] : Initializing Spring embedded WebApplicationContext
2021-08-05 18:59:46,934 INFO  [main] org.springframework.boot.web.servlet.context.ServletWebServerApplicationContext : Root WebApplicationContext: initialization completed in 930 ms
2021-08-05 18:59:47,146 WARN  [main] org.springframework.boot.autoconfigure.thymeleaf.ThymeleafAutoConfiguration$DefaultTemplateResolverConfiguration : Cannot find template location: classpath:/templates/ (please add some templates or check your Thymeleaf configuration)
2021-08-05 18:59:47,291 WARN  [main] org.springframework.boot.starter.ws.WsStarterDeprecationWarningAutoConfiguration : spring-boot-starter-ws is deprecated as of Spring Boot 1.4, please migrate to spring-boot-starter-web-services
2021-08-05 18:59:47,377 INFO  [main] org.springframework.boot.web.embedded.tomcat.TomcatWebServer : Tomcat started on port(s): 8014 (http) with context path '/easupload'
2021-08-05 18:59:47,385 INFO  [main] com.el.easupload.EasUploadApplication : Started EasUploadApplication in 1.819 seconds (JVM running for 2.981)
2021-08-05 19:04:43,129 INFO  [main] com.el.easupload.EasUploadApplicationTests : Starting EasUploadApplicationTests using Java 1.8.0_191 on XiaoXinPro with PID 21240 (started by alan in D:\Users\alan\IdeaProjects\EASUpload)
2021-08-05 19:04:43,130 DEBUG [main] com.el.easupload.EasUploadApplicationTests : Running with Spring Boot v2.5.3, Spring v5.3.9
2021-08-05 19:04:43,131 INFO  [main] com.el.easupload.EasUploadApplicationTests : No active profile set, falling back to default profiles: default
2021-08-05 19:04:44,091 INFO  [main] org.springframework.context.support.PostProcessorRegistrationDelegate$BeanPostProcessorChecker : Bean 'org.springframework.ws.config.annotation.DelegatingWsConfiguration' of type [org.springframework.ws.config.annotation.DelegatingWsConfiguration$$EnhancerBySpringCGLIB$$47db7dea] is not eligible for getting processed by all BeanPostProcessors (for example: not eligible for auto-proxying)
2021-08-05 19:04:44,138 INFO  [main] org.springframework.ws.soap.addressing.server.AnnotationActionEndpointMapping : Supporting [WS-Addressing August 2004, WS-Addressing 1.0]
2021-08-05 19:04:44,840 WARN  [main] org.springframework.boot.autoconfigure.thymeleaf.ThymeleafAutoConfiguration$DefaultTemplateResolverConfiguration : Cannot find template location: classpath:/templates/ (please add some templates or check your Thymeleaf configuration)
2021-08-05 19:04:45,215 WARN  [main] org.springframework.boot.starter.ws.WsStarterDeprecationWarningAutoConfiguration : spring-boot-starter-ws is deprecated as of Spring Boot 1.4, please migrate to spring-boot-starter-web-services
2021-08-05 19:04:45,251 INFO  [main] com.el.easupload.EasUploadApplicationTests : Started EasUploadApplicationTests in 2.503 seconds (JVM running for 3.455)
2021-08-05 19:12:49,776 INFO  [main] com.el.easupload.EasUploadApplicationTests : Starting EasUploadApplicationTests using Java 1.8.0_191 on XiaoXinPro with PID 21980 (started by alan in D:\Users\alan\IdeaProjects\EASUpload)
2021-08-05 19:12:49,778 DEBUG [main] com.el.easupload.EasUploadApplicationTests : Running with Spring Boot v2.5.3, Spring v5.3.9
2021-08-05 19:12:49,779 INFO  [main] com.el.easupload.EasUploadApplicationTests : No active profile set, falling back to default profiles: default
2021-08-05 19:12:50,805 INFO  [main] org.springframework.context.support.PostProcessorRegistrationDelegate$BeanPostProcessorChecker : Bean 'org.springframework.ws.config.annotation.DelegatingWsConfiguration' of type [org.springframework.ws.config.annotation.DelegatingWsConfiguration$$EnhancerBySpringCGLIB$$53773a67] is not eligible for getting processed by all BeanPostProcessors (for example: not eligible for auto-proxying)
2021-08-05 19:12:50,861 INFO  [main] org.springframework.ws.soap.addressing.server.AnnotationActionEndpointMapping : Supporting [WS-Addressing August 2004, WS-Addressing 1.0]
2021-08-05 19:12:51,573 WARN  [main] org.springframework.boot.autoconfigure.thymeleaf.ThymeleafAutoConfiguration$DefaultTemplateResolverConfiguration : Cannot find template location: classpath:/templates/ (please add some templates or check your Thymeleaf configuration)
2021-08-05 19:12:52,140 WARN  [main] org.springframework.boot.starter.ws.WsStarterDeprecationWarningAutoConfiguration : spring-boot-starter-ws is deprecated as of Spring Boot 1.4, please migrate to spring-boot-starter-web-services
2021-08-05 19:12:52,160 INFO  [main] com.el.easupload.EasUploadApplicationTests : Started EasUploadApplicationTests in 2.787 seconds (JVM running for 3.772)
2021-08-05 19:12:52,488 INFO  [main] com.zaxxer.hikari.HikariDataSource : HikariPool-1 - Starting...
2021-08-05 19:12:52,494 WARN  [main] com.zaxxer.hikari.util.DriverDataSource : Registered driver with driverClassName=oracle.jdbc.driver.OracleDriver was not found, trying direct instantiation.
2021-08-05 19:12:54,900 ERROR [main] com.zaxxer.hikari.pool.HikariPool : HikariPool-1 - Exception during pool initialization.
java.sql.SQLRecoverableException: IO 错误: Invalid number format for port number (CONNECTION_ID=6vTPSJSPTCiePa68O/eSGQ==)
	at oracle.jdbc.driver.T4CConnection.handleLogonNetException(T4CConnection.java:870)
	at oracle.jdbc.driver.T4CConnection.logon(T4CConnection.java:675)
	at oracle.jdbc.driver.PhysicalConnection.connect(PhysicalConnection.java:1032)
	at oracle.jdbc.driver.T4CDriverExtension.getConnection(T4CDriverExtension.java:90)
	at oracle.jdbc.driver.OracleDriver.connect(OracleDriver.java:681)
	at oracle.jdbc.driver.OracleDriver.connect(OracleDriver.java:602)
	at com.zaxxer.hikari.util.DriverDataSource.getConnection(DriverDataSource.java:138)
	at com.zaxxer.hikari.pool.PoolBase.newConnection(PoolBase.java:364)
	at com.zaxxer.hikari.pool.PoolBase.newPoolEntry(PoolBase.java:206)
	at com.zaxxer.hikari.pool.HikariPool.createPoolEntry(HikariPool.java:476)
	at com.zaxxer.hikari.pool.HikariPool.checkFailFast(HikariPool.java:561)
	at com.zaxxer.hikari.pool.HikariPool.<init>(HikariPool.java:115)
	at com.zaxxer.hikari.HikariDataSource.getConnection(HikariDataSource.java:112)
	at org.springframework.jdbc.datasource.DataSourceUtils.fetchConnection(DataSourceUtils.java:158)
	at org.springframework.jdbc.datasource.DataSourceUtils.doGetConnection(DataSourceUtils.java:116)
	at org.springframework.jdbc.datasource.DataSourceUtils.getConnection(DataSourceUtils.java:79)
	at org.mybatis.spring.transaction.SpringManagedTransaction.openConnection(SpringManagedTransaction.java:80)
	at org.mybatis.spring.transaction.SpringManagedTransaction.getConnection(SpringManagedTransaction.java:67)
	at org.apache.ibatis.executor.BaseExecutor.getConnection(BaseExecutor.java:337)
	at org.apache.ibatis.executor.SimpleExecutor.prepareStatement(SimpleExecutor.java:86)
	at org.apache.ibatis.executor.SimpleExecutor.doQuery(SimpleExecutor.java:62)
	at org.apache.ibatis.executor.BaseExecutor.queryFromDatabase(BaseExecutor.java:325)
	at org.apache.ibatis.executor.BaseExecutor.query(BaseExecutor.java:156)
	at org.apache.ibatis.executor.CachingExecutor.query(CachingExecutor.java:109)
	at org.apache.ibatis.executor.CachingExecutor.query(CachingExecutor.java:89)
	at org.apache.ibatis.session.defaults.DefaultSqlSession.selectList(DefaultSqlSession.java:151)
	at org.apache.ibatis.session.defaults.DefaultSqlSession.selectList(DefaultSqlSession.java:145)
	at org.apache.ibatis.session.defaults.DefaultSqlSession.selectList(DefaultSqlSession.java:140)
	at sun.reflect.NativeMethodAccessorImpl.invoke0(Native Method)
	at sun.reflect.NativeMethodAccessorImpl.invoke(NativeMethodAccessorImpl.java:62)
	at sun.reflect.DelegatingMethodAccessorImpl.invoke(DelegatingMethodAccessorImpl.java:43)
	at java.lang.reflect.Method.invoke(Method.java:498)
	at org.mybatis.spring.SqlSessionTemplate$SqlSessionInterceptor.invoke(SqlSessionTemplate.java:427)
	at com.sun.proxy.$Proxy71.selectList(Unknown Source)
	at org.mybatis.spring.SqlSessionTemplate.selectList(SqlSessionTemplate.java:224)
	at org.apache.ibatis.binding.MapperMethod.executeForMany(MapperMethod.java:147)
	at org.apache.ibatis.binding.MapperMethod.execute(MapperMethod.java:80)
	at org.apache.ibatis.binding.MapperProxy$PlainMethodInvoker.invoke(MapperProxy.java:145)
	at org.apache.ibatis.binding.MapperProxy.invoke(MapperProxy.java:86)
	at com.sun.proxy.$Proxy75.selectByExample(Unknown Source)
	at sun.reflect.NativeMethodAccessorImpl.invoke0(Native Method)
	at sun.reflect.NativeMethodAccessorImpl.invoke(NativeMethodAccessorImpl.java:62)
	at sun.reflect.DelegatingMethodAccessorImpl.invoke(DelegatingMethodAccessorImpl.java:43)
	at java.lang.reflect.Method.invoke(Method.java:498)
	at org.springframework.aop.support.AopUtils.invokeJoinpointUsingReflection(AopUtils.java:344)
	at org.springframework.aop.framework.ReflectiveMethodInvocation.invokeJoinpoint(ReflectiveMethodInvocation.java:198)
	at org.springframework.aop.framework.ReflectiveMethodInvocation.proceed(ReflectiveMethodInvocation.java:163)
	at org.springframework.dao.support.PersistenceExceptionTranslationInterceptor.invoke(PersistenceExceptionTranslationInterceptor.java:137)
	at org.springframework.aop.framework.ReflectiveMethodInvocation.proceed(ReflectiveMethodInvocation.java:186)
	at org.springframework.aop.framework.JdkDynamicAopProxy.invoke(JdkDynamicAopProxy.java:215)
	at com.sun.proxy.$Proxy76.selectByExample(Unknown Source)
	at com.el.easupload.EasUploadApplicationTests.contextLoads(EasUploadApplicationTests.java:23)
	at sun.reflect.NativeMethodAccessorImpl.invoke0(Native Method)
	at sun.reflect.NativeMethodAccessorImpl.invoke(NativeMethodAccessorImpl.java:62)
	at sun.reflect.DelegatingMethodAccessorImpl.invoke(DelegatingMethodAccessorImpl.java:43)
	at java.lang.reflect.Method.invoke(Method.java:498)
	at org.junit.platform.commons.util.ReflectionUtils.invokeMethod(ReflectionUtils.java:688)
	at org.junit.jupiter.engine.execution.MethodInvocation.proceed(MethodInvocation.java:60)
	at org.junit.jupiter.engine.execution.InvocationInterceptorChain$ValidatingInvocation.proceed(InvocationInterceptorChain.java:131)
	at org.junit.jupiter.engine.extension.TimeoutExtension.intercept(TimeoutExtension.java:149)
	at org.junit.jupiter.engine.extension.TimeoutExtension.interceptTestableMethod(TimeoutExtension.java:140)
	at org.junit.jupiter.engine.extension.TimeoutExtension.interceptTestMethod(TimeoutExtension.java:84)
	at org.junit.jupiter.engine.execution.ExecutableInvoker$ReflectiveInterceptorCall.lambda$ofVoidMethod$0(ExecutableInvoker.java:115)
	at org.junit.jupiter.engine.execution.ExecutableInvoker.lambda$invoke$0(ExecutableInvoker.java:105)
	at org.junit.jupiter.engine.execution.InvocationInterceptorChain$InterceptedInvocation.proceed(InvocationInterceptorChain.java:106)
	at org.junit.jupiter.engine.execution.InvocationInterceptorChain.proceed(InvocationInterceptorChain.java:64)
	at org.junit.jupiter.engine.execution.InvocationInterceptorChain.chainAndInvoke(InvocationInterceptorChain.java:45)
	at org.junit.jupiter.engine.execution.InvocationInterceptorChain.invoke(InvocationInterceptorChain.java:37)
	at org.junit.jupiter.engine.execution.ExecutableInvoker.invoke(ExecutableInvoker.java:104)
	at org.junit.jupiter.engine.execution.ExecutableInvoker.invoke(ExecutableInvoker.java:98)
	at org.junit.jupiter.engine.descriptor.TestMethodTestDescriptor.lambda$invokeTestMethod$6(TestMethodTestDescriptor.java:210)
	at org.junit.platform.engine.support.hierarchical.ThrowableCollector.execute(ThrowableCollector.java:73)
	at org.junit.jupiter.engine.descriptor.TestMethodTestDescriptor.invokeTestMethod(TestMethodTestDescriptor.java:206)
	at org.junit.jupiter.engine.descriptor.TestMethodTestDescriptor.execute(TestMethodTestDescriptor.java:131)
	at org.junit.jupiter.engine.descriptor.TestMethodTestDescriptor.execute(TestMethodTestDescriptor.java:65)
	at org.junit.platform.engine.support.hierarchical.NodeTestTask.lambda$executeRecursively$5(NodeTestTask.java:139)
	at org.junit.platform.engine.support.hierarchical.ThrowableCollector.execute(ThrowableCollector.java:73)
	at org.junit.platform.engine.support.hierarchical.NodeTestTask.lambda$executeRecursively$7(NodeTestTask.java:129)
	at org.junit.platform.engine.support.hierarchical.Node.around(Node.java:137)
	at org.junit.platform.engine.support.hierarchical.NodeTestTask.lambda$executeRecursively$8(NodeTestTask.java:127)
	at org.junit.platform.engine.support.hierarchical.ThrowableCollector.execute(ThrowableCollector.java:73)
	at org.junit.platform.engine.support.hierarchical.NodeTestTask.executeRecursively(NodeTestTask.java:126)
	at org.junit.platform.engine.support.hierarchical.NodeTestTask.execute(NodeTestTask.java:84)
	at java.util.ArrayList.forEach(ArrayList.java:1257)
	at org.junit.platform.engine.support.hierarchical.SameThreadHierarchicalTestExecutorService.invokeAll(SameThreadHierarchicalTestExecutorService.java:38)
	at org.junit.platform.engine.support.hierarchical.NodeTestTask.lambda$executeRecursively$5(NodeTestTask.java:143)
	at org.junit.platform.engine.support.hierarchical.ThrowableCollector.execute(ThrowableCollector.java:73)
	at org.junit.platform.engine.support.hierarchical.NodeTestTask.lambda$executeRecursively$7(NodeTestTask.java:129)
	at org.junit.platform.engine.support.hierarchical.Node.around(Node.java:137)
	at org.junit.platform.engine.support.hierarchical.NodeTestTask.lambda$executeRecursively$8(NodeTestTask.java:127)
	at org.junit.platform.engine.support.hierarchical.ThrowableCollector.execute(ThrowableCollector.java:73)
	at org.junit.platform.engine.support.hierarchical.NodeTestTask.executeRecursively(NodeTestTask.java:126)
	at org.junit.platform.engine.support.hierarchical.NodeTestTask.execute(NodeTestTask.java:84)
	at java.util.ArrayList.forEach(ArrayList.java:1257)
	at org.junit.platform.engine.support.hierarchical.SameThreadHierarchicalTestExecutorService.invokeAll(SameThreadHierarchicalTestExecutorService.java:38)
	at org.junit.platform.engine.support.hierarchical.NodeTestTask.lambda$executeRecursively$5(NodeTestTask.java:143)
	at org.junit.platform.engine.support.hierarchical.ThrowableCollector.execute(ThrowableCollector.java:73)
	at org.junit.platform.engine.support.hierarchical.NodeTestTask.lambda$executeRecursively$7(NodeTestTask.java:129)
	at org.junit.platform.engine.support.hierarchical.Node.around(Node.java:137)
	at org.junit.platform.engine.support.hierarchical.NodeTestTask.lambda$executeRecursively$8(NodeTestTask.java:127)
	at org.junit.platform.engine.support.hierarchical.ThrowableCollector.execute(ThrowableCollector.java:73)
	at org.junit.platform.engine.support.hierarchical.NodeTestTask.executeRecursively(NodeTestTask.java:126)
	at org.junit.platform.engine.support.hierarchical.NodeTestTask.execute(NodeTestTask.java:84)
	at org.junit.platform.engine.support.hierarchical.SameThreadHierarchicalTestExecutorService.submit(SameThreadHierarchicalTestExecutorService.java:32)
	at org.junit.platform.engine.support.hierarchical.HierarchicalTestExecutor.execute(HierarchicalTestExecutor.java:57)
	at org.junit.platform.engine.support.hierarchical.HierarchicalTestEngine.execute(HierarchicalTestEngine.java:51)
	at org.junit.platform.launcher.core.EngineExecutionOrchestrator.execute(EngineExecutionOrchestrator.java:108)
	at org.junit.platform.launcher.core.EngineExecutionOrchestrator.execute(EngineExecutionOrchestrator.java:88)
	at org.junit.platform.launcher.core.EngineExecutionOrchestrator.lambda$execute$0(EngineExecutionOrchestrator.java:54)
	at org.junit.platform.launcher.core.EngineExecutionOrchestrator.withInterceptedStreams(EngineExecutionOrchestrator.java:67)
	at org.junit.platform.launcher.core.EngineExecutionOrchestrator.execute(EngineExecutionOrchestrator.java:52)
	at org.junit.platform.launcher.core.DefaultLauncher.execute(DefaultLauncher.java:96)
	at org.junit.platform.launcher.core.DefaultLauncher.execute(DefaultLauncher.java:75)
	at com.intellij.junit5.JUnit5IdeaTestRunner.startRunnerWithArgs(JUnit5IdeaTestRunner.java:71)
	at com.intellij.rt.junit.IdeaTestRunner$Repeater.startRunnerWithArgs(IdeaTestRunner.java:33)
	at com.intellij.rt.junit.JUnitStarter.prepareStreamsAndStart(JUnitStarter.java:221)
	at com.intellij.rt.junit.JUnitStarter.main(JUnitStarter.java:54)
Caused by: oracle.net.ns.NetException: Invalid number format for port number (CONNECTION_ID=6vTPSJSPTCiePa68O/eSGQ==)
	at oracle.net.resolver.HostnameNamingAdapter.resolve(HostnameNamingAdapter.java:214)
	at oracle.net.resolver.NameResolver.resolveName(NameResolver.java:153)
	at oracle.net.resolver.AddrResolution.resolveTNSAddress(AddrResolution.java:680)
	at oracle.net.resolver.AddrResolution.resolveAndExecute(AddrResolution.java:559)
	at oracle.net.ns.NSProtocol.establishConnection(NSProtocol.java:937)
	at oracle.net.ns.NSProtocol.connect(NSProtocol.java:346)
	at oracle.jdbc.driver.T4CConnection.connect(T4CConnection.java:1967)
	at oracle.jdbc.driver.T4CConnection.logon(T4CConnection.java:640)
	... 115 common frames omitted
2021-08-05 19:13:48,687 INFO  [main] com.el.easupload.EasUploadApplicationTests : Starting EasUploadApplicationTests using Java 1.8.0_191 on XiaoXinPro with PID 17192 (started by alan in D:\Users\alan\IdeaProjects\EASUpload)
2021-08-05 19:13:48,689 DEBUG [main] com.el.easupload.EasUploadApplicationTests : Running with Spring Boot v2.5.3, Spring v5.3.9
2021-08-05 19:13:48,691 INFO  [main] com.el.easupload.EasUploadApplicationTests : No active profile set, falling back to default profiles: default
2021-08-05 19:13:49,636 INFO  [main] org.springframework.context.support.PostProcessorRegistrationDelegate$BeanPostProcessorChecker : Bean 'org.springframework.ws.config.annotation.DelegatingWsConfiguration' of type [org.springframework.ws.config.annotation.DelegatingWsConfiguration$$EnhancerBySpringCGLIB$$53773a67] is not eligible for getting processed by all BeanPostProcessors (for example: not eligible for auto-proxying)
2021-08-05 19:13:49,681 INFO  [main] org.springframework.ws.soap.addressing.server.AnnotationActionEndpointMapping : Supporting [WS-Addressing August 2004, WS-Addressing 1.0]
2021-08-05 19:13:50,377 WARN  [main] org.springframework.boot.autoconfigure.thymeleaf.ThymeleafAutoConfiguration$DefaultTemplateResolverConfiguration : Cannot find template location: classpath:/templates/ (please add some templates or check your Thymeleaf configuration)
2021-08-05 19:13:50,898 WARN  [main] org.springframework.boot.starter.ws.WsStarterDeprecationWarningAutoConfiguration : spring-boot-starter-ws is deprecated as of Spring Boot 1.4, please migrate to spring-boot-starter-web-services
2021-08-05 19:13:50,917 INFO  [main] com.el.easupload.EasUploadApplicationTests : Started EasUploadApplicationTests in 2.63 seconds (JVM running for 3.614)
2021-08-05 19:13:51,230 INFO  [main] com.zaxxer.hikari.HikariDataSource : HikariPool-1 - Starting...
2021-08-05 19:13:51,236 WARN  [main] com.zaxxer.hikari.util.DriverDataSource : Registered driver with driverClassName=oracle.jdbc.driver.OracleDriver was not found, trying direct instantiation.
2021-08-05 19:13:53,908 INFO  [main] com.zaxxer.hikari.HikariDataSource : HikariPool-1 - Start completed.
2021-08-05 19:13:53,916 DEBUG [main] com.el.easupload.dao.F550911zDao.selectByExample : ==>  Preparing: select GLUKID, GLKCO, GLDCT, GLDOC, GLDGJ, GLJELN, GLEXTL, GLPOST, GLICU, GLICUT, GLDICJ, GLDSYJ, GLTICU, GLCO, GLANI, GLAM, GLAID, GLMCU, GLOBJ, GLSUB, GLSBL, GLSBLT, GLLT, GLPN, GLCTRY, GLFY, GLFQ, GLCRCD, GLCRR, GLHCRR, GLHDGJ, GLAA, GLU, GLUM, GLGLC, GLRE, GLEXA, GLEXR, GLR1, GLR2, GLR3, GLSFX, GLODOC, GLODCT, GLOSFX, GLPKCO, GLOKCO, GLPDCT, GLAN8, GLCN, GLDKJ, GLDKC, GLASID, GLBRE, GLRCND, GLSUMM, GLPRGE, GLTNN, GLALT1, GLALT2, GLALT3, GLALT4, GLALT5, GLALT6, GLALT7, GLALT8, GLALT9, GLALT0, GLALTT, GLALTU, GLALTV, GLALTW, GLALTX, GLALTZ, GLDLNA, GLCFF1, GLCFF2, GLASM, GLBC, GLVINV, GLIVD, GLWR01, GLPO, GLPSFX, GLDCTO, GLLNID, GLWY, GLWN, GLFNLP, GLOPSQ, GLJBCD, GLJBST, GLHMCU, GLDOI, GLALID, GLALTY, GLDSVJ, GLTORG, GLREG#, GLPYID, GLUSER, GLPID, GLJOBN, GLUPMJ, GLUPMT, GLABR1, GLABR2, GLABR3, GLABR4, GLABT1, GLABT2, GLABT3, GLABT4, GLITM, GLPM01, GLPM02, GLPM03, GLPM04, GLPM05, GLPM06, GLPM07, GLPM08, GLPM09, GLPM10, GLBCRC, GLCRRM, GLPRGF, GLTXA1, GLEXR1, GLTXITM, GLACTB, GLGPF1, GLACR, GLDLNID, GLCKNU, GLBUPC, GLAHBU, GLEPGC, GLJPGC, GLRC5, GLSFXE, GLOFM, GLD200, GLAG, GLAAP, GLEV01, GLEV02, GLEV03, GLEV04, GLEV05, GLD1, GLD2, GLD3, GLD4, GLD5, GLSRP1, GLSRP2, GLSRP3, GLSRP4, GLSRP5, GLDL01, GLDL02, GLDL03, GLDL04, GLDL05, GLDL06, GLDL07, GLDL08, GLDL09, GLDL10, GLDL11, GLDL12, GLDL13, GLDL14, GLDL15, GLAN11, GLAN12, GLAN13, GLAN14, GLAN15, GLDS01, GLDS02, GLDS03, GLDS04, GLDS05 from F550911Z WHERE ( GLUKID = ? )
2021-08-05 19:13:54,038 DEBUG [main] com.el.easupload.dao.F550911zDao.selectByExample : ==> Parameters: 3(BigDecimal)
2021-08-05 19:13:55,223 DEBUG [main] com.el.easupload.dao.F550911zDao.selectByExample : <==      Total: 2
2021-08-05 19:13:55,241 INFO  [SpringApplicationShutdownHook] com.zaxxer.hikari.HikariDataSource : HikariPool-1 - Shutdown initiated...
2021-08-05 19:13:59,223 INFO  [SpringApplicationShutdownHook] com.zaxxer.hikari.HikariDataSource : HikariPool-1 - Shutdown completed.
2021-08-05 19:14:29,381 INFO  [main] com.el.easupload.EasUploadApplicationTests : Starting EasUploadApplicationTests using Java 1.8.0_191 on XiaoXinPro with PID 7576 (started by alan in D:\Users\alan\IdeaProjects\EASUpload)
2021-08-05 19:14:29,381 DEBUG [main] com.el.easupload.EasUploadApplicationTests : Running with Spring Boot v2.5.3, Spring v5.3.9
2021-08-05 19:14:29,382 INFO  [main] com.el.easupload.EasUploadApplicationTests : No active profile set, falling back to default profiles: default
2021-08-05 19:14:30,273 INFO  [main] org.springframework.context.support.PostProcessorRegistrationDelegate$BeanPostProcessorChecker : Bean 'org.springframework.ws.config.annotation.DelegatingWsConfiguration' of type [org.springframework.ws.config.annotation.DelegatingWsConfiguration$$EnhancerBySpringCGLIB$$91c04797] is not eligible for getting processed by all BeanPostProcessors (for example: not eligible for auto-proxying)
2021-08-05 19:14:30,319 INFO  [main] org.springframework.ws.soap.addressing.server.AnnotationActionEndpointMapping : Supporting [WS-Addressing August 2004, WS-Addressing 1.0]
2021-08-05 19:14:31,081 WARN  [main] org.springframework.boot.autoconfigure.thymeleaf.ThymeleafAutoConfiguration$DefaultTemplateResolverConfiguration : Cannot find template location: classpath:/templates/ (please add some templates or check your Thymeleaf configuration)
2021-08-05 19:14:31,619 WARN  [main] org.springframework.boot.starter.ws.WsStarterDeprecationWarningAutoConfiguration : spring-boot-starter-ws is deprecated as of Spring Boot 1.4, please migrate to spring-boot-starter-web-services
2021-08-05 19:14:31,643 INFO  [main] com.el.easupload.EasUploadApplicationTests : Started EasUploadApplicationTests in 2.637 seconds (JVM running for 3.563)
2021-08-05 19:14:31,952 INFO  [main] com.zaxxer.hikari.HikariDataSource : HikariPool-1 - Starting...
2021-08-05 19:14:31,956 WARN  [main] com.zaxxer.hikari.util.DriverDataSource : Registered driver with driverClassName=oracle.jdbc.driver.OracleDriver was not found, trying direct instantiation.
2021-08-05 19:14:34,177 INFO  [main] com.zaxxer.hikari.HikariDataSource : HikariPool-1 - Start completed.
2021-08-05 19:14:34,187 DEBUG [main] com.el.easupload.dao.F550911zDao.selectByExample : ==>  Preparing: select GLUKID, GLKCO, GLDCT, GLDOC, GLDGJ, GLJELN, GLEXTL, GLPOST, GLICU, GLICUT, GLDICJ, GLDSYJ, GLTICU, GLCO, GLANI, GLAM, GLAID, GLMCU, GLOBJ, GLSUB, GLSBL, GLSBLT, GLLT, GLPN, GLCTRY, GLFY, GLFQ, GLCRCD, GLCRR, GLHCRR, GLHDGJ, GLAA, GLU, GLUM, GLGLC, GLRE, GLEXA, GLEXR, GLR1, GLR2, GLR3, GLSFX, GLODOC, GLODCT, GLOSFX, GLPKCO, GLOKCO, GLPDCT, GLAN8, GLCN, GLDKJ, GLDKC, GLASID, GLBRE, GLRCND, GLSUMM, GLPRGE, GLTNN, GLALT1, GLALT2, GLALT3, GLALT4, GLALT5, GLALT6, GLALT7, GLALT8, GLALT9, GLALT0, GLALTT, GLALTU, GLALTV, GLALTW, GLALTX, GLALTZ, GLDLNA, GLCFF1, GLCFF2, GLASM, GLBC, GLVINV, GLIVD, GLWR01, GLPO, GLPSFX, GLDCTO, GLLNID, GLWY, GLWN, GLFNLP, GLOPSQ, GLJBCD, GLJBST, GLHMCU, GLDOI, GLALID, GLALTY, GLDSVJ, GLTORG, GLREG#, GLPYID, GLUSER, GLPID, GLJOBN, GLUPMJ, GLUPMT, GLABR1, GLABR2, GLABR3, GLABR4, GLABT1, GLABT2, GLABT3, GLABT4, GLITM, GLPM01, GLPM02, GLPM03, GLPM04, GLPM05, GLPM06, GLPM07, GLPM08, GLPM09, GLPM10, GLBCRC, GLCRRM, GLPRGF, GLTXA1, GLEXR1, GLTXITM, GLACTB, GLGPF1, GLACR, GLDLNID, GLCKNU, GLBUPC, GLAHBU, GLEPGC, GLJPGC, GLRC5, GLSFXE, GLOFM, GLD200, GLAG, GLAAP, GLEV01, GLEV02, GLEV03, GLEV04, GLEV05, GLD1, GLD2, GLD3, GLD4, GLD5, GLSRP1, GLSRP2, GLSRP3, GLSRP4, GLSRP5, GLDL01, GLDL02, GLDL03, GLDL04, GLDL05, GLDL06, GLDL07, GLDL08, GLDL09, GLDL10, GLDL11, GLDL12, GLDL13, GLDL14, GLDL15, GLAN11, GLAN12, GLAN13, GLAN14, GLAN15, GLDS01, GLDS02, GLDS03, GLDS04, GLDS05 from F550911Z WHERE ( GLUKID = ? )
2021-08-05 19:14:34,277 DEBUG [main] com.el.easupload.dao.F550911zDao.selectByExample : ==> Parameters: 3(BigDecimal)
2021-08-05 19:14:34,486 DEBUG [main] com.el.easupload.dao.F550911zDao.selectByExample : <==      Total: 2
2021-08-05 19:14:34,506 INFO  [SpringApplicationShutdownHook] com.zaxxer.hikari.HikariDataSource : HikariPool-1 - Shutdown initiated...
2021-08-05 19:14:34,914 INFO  [SpringApplicationShutdownHook] com.zaxxer.hikari.HikariDataSource : HikariPool-1 - Shutdown completed.
2021-08-05 19:14:52,723 INFO  [main] com.el.easupload.EasUploadApplicationTests : Starting EasUploadApplicationTests using Java 1.8.0_191 on XiaoXinPro with PID 19792 (started by alan in D:\Users\alan\IdeaProjects\EASUpload)
2021-08-05 19:14:52,725 DEBUG [main] com.el.easupload.EasUploadApplicationTests : Running with Spring Boot v2.5.3, Spring v5.3.9
2021-08-05 19:14:52,727 INFO  [main] com.el.easupload.EasUploadApplicationTests : No active profile set, falling back to default profiles: default
2021-08-05 19:14:53,593 INFO  [main] org.springframework.context.support.PostProcessorRegistrationDelegate$BeanPostProcessorChecker : Bean 'org.springframework.ws.config.annotation.DelegatingWsConfiguration' of type [org.springframework.ws.config.annotation.DelegatingWsConfiguration$$EnhancerBySpringCGLIB$$b0815a74] is not eligible for getting processed by all BeanPostProcessors (for example: not eligible for auto-proxying)
2021-08-05 19:14:53,635 INFO  [main] org.springframework.ws.soap.addressing.server.AnnotationActionEndpointMapping : Supporting [WS-Addressing August 2004, WS-Addressing 1.0]
2021-08-05 19:14:54,315 WARN  [main] org.springframework.boot.autoconfigure.thymeleaf.ThymeleafAutoConfiguration$DefaultTemplateResolverConfiguration : Cannot find template location: classpath:/templates/ (please add some templates or check your Thymeleaf configuration)
2021-08-05 19:14:54,883 WARN  [main] org.springframework.boot.starter.ws.WsStarterDeprecationWarningAutoConfiguration : spring-boot-starter-ws is deprecated as of Spring Boot 1.4, please migrate to spring-boot-starter-web-services
2021-08-05 19:14:54,902 INFO  [main] com.el.easupload.EasUploadApplicationTests : Started EasUploadApplicationTests in 2.567 seconds (JVM running for 3.57)
2021-08-05 19:14:55,220 INFO  [main] com.zaxxer.hikari.HikariDataSource : HikariPool-1 - Starting...
2021-08-05 19:14:55,225 WARN  [main] com.zaxxer.hikari.util.DriverDataSource : Registered driver with driverClassName=oracle.jdbc.driver.OracleDriver was not found, trying direct instantiation.
2021-08-05 19:15:02,655 INFO  [main] com.zaxxer.hikari.HikariDataSource : HikariPool-1 - Start completed.
2021-08-05 19:15:02,663 DEBUG [main] com.el.easupload.dao.F550911zDao.selectByExample : ==>  Preparing: select GLUKID, GLKCO, GLDCT, GLDOC, GLDGJ, GLJELN, GLEXTL, GLPOST, GLICU, GLICUT, GLDICJ, GLDSYJ, GLTICU, GLCO, GLANI, GLAM, GLAID, GLMCU, GLOBJ, GLSUB, GLSBL, GLSBLT, GLLT, GLPN, GLCTRY, GLFY, GLFQ, GLCRCD, GLCRR, GLHCRR, GLHDGJ, GLAA, GLU, GLUM, GLGLC, GLRE, GLEXA, GLEXR, GLR1, GLR2, GLR3, GLSFX, GLODOC, GLODCT, GLOSFX, GLPKCO, GLOKCO, GLPDCT, GLAN8, GLCN, GLDKJ, GLDKC, GLASID, GLBRE, GLRCND, GLSUMM, GLPRGE, GLTNN, GLALT1, GLALT2, GLALT3, GLALT4, GLALT5, GLALT6, GLALT7, GLALT8, GLALT9, GLALT0, GLALTT, GLALTU, GLALTV, GLALTW, GLALTX, GLALTZ, GLDLNA, GLCFF1, GLCFF2, GLASM, GLBC, GLVINV, GLIVD, GLWR01, GLPO, GLPSFX, GLDCTO, GLLNID, GLWY, GLWN, GLFNLP, GLOPSQ, GLJBCD, GLJBST, GLHMCU, GLDOI, GLALID, GLALTY, GLDSVJ, GLTORG, GLREG#, GLPYID, GLUSER, GLPID, GLJOBN, GLUPMJ, GLUPMT, GLABR1, GLABR2, GLABR3, GLABR4, GLABT1, GLABT2, GLABT3, GLABT4, GLITM, GLPM01, GLPM02, GLPM03, GLPM04, GLPM05, GLPM06, GLPM07, GLPM08, GLPM09, GLPM10, GLBCRC, GLCRRM, GLPRGF, GLTXA1, GLEXR1, GLTXITM, GLACTB, GLGPF1, GLACR, GLDLNID, GLCKNU, GLBUPC, GLAHBU, GLEPGC, GLJPGC, GLRC5, GLSFXE, GLOFM, GLD200, GLAG, GLAAP, GLEV01, GLEV02, GLEV03, GLEV04, GLEV05, GLD1, GLD2, GLD3, GLD4, GLD5, GLSRP1, GLSRP2, GLSRP3, GLSRP4, GLSRP5, GLDL01, GLDL02, GLDL03, GLDL04, GLDL05, GLDL06, GLDL07, GLDL08, GLDL09, GLDL10, GLDL11, GLDL12, GLDL13, GLDL14, GLDL15, GLAN11, GLAN12, GLAN13, GLAN14, GLAN15, GLDS01, GLDS02, GLDS03, GLDS04, GLDS05 from F550911Z WHERE ( GLUKID = ? )
2021-08-05 19:15:02,755 DEBUG [main] com.el.easupload.dao.F550911zDao.selectByExample : ==> Parameters: 3(BigDecimal)
2021-08-05 19:15:04,895 DEBUG [main] com.el.easupload.dao.F550911zDao.selectByExample : <==      Total: 2
2021-08-05 19:15:04,914 INFO  [SpringApplicationShutdownHook] com.zaxxer.hikari.HikariDataSource : HikariPool-1 - Shutdown initiated...
2021-08-05 19:15:06,041 INFO  [SpringApplicationShutdownHook] com.zaxxer.hikari.HikariDataSource : HikariPool-1 - Shutdown completed.
2021-08-05 19:22:04,122 INFO  [main] com.el.easupload.EasUploadApplicationTests : Starting EasUploadApplicationTests using Java 1.8.0_191 on XiaoXinPro with PID 14364 (started by alan in D:\Users\alan\IdeaProjects\EASUpload)
2021-08-05 19:22:04,123 DEBUG [main] com.el.easupload.EasUploadApplicationTests : Running with Spring Boot v2.5.3, Spring v5.3.9
2021-08-05 19:22:04,124 INFO  [main] com.el.easupload.EasUploadApplicationTests : No active profile set, falling back to default profiles: default
2021-08-05 19:22:05,084 INFO  [main] org.springframework.context.support.PostProcessorRegistrationDelegate$BeanPostProcessorChecker : Bean 'org.springframework.ws.config.annotation.DelegatingWsConfiguration' of type [org.springframework.ws.config.annotation.DelegatingWsConfiguration$$EnhancerBySpringCGLIB$$ec208eec] is not eligible for getting processed by all BeanPostProcessors (for example: not eligible for auto-proxying)
2021-08-05 19:22:05,130 INFO  [main] org.springframework.ws.soap.addressing.server.AnnotationActionEndpointMapping : Supporting [WS-Addressing August 2004, WS-Addressing 1.0]
2021-08-05 19:22:05,885 WARN  [main] org.springframework.boot.autoconfigure.thymeleaf.ThymeleafAutoConfiguration$DefaultTemplateResolverConfiguration : Cannot find template location: classpath:/templates/ (please add some templates or check your Thymeleaf configuration)
2021-08-05 19:22:06,474 WARN  [main] org.springframework.boot.starter.ws.WsStarterDeprecationWarningAutoConfiguration : spring-boot-starter-ws is deprecated as of Spring Boot 1.4, please migrate to spring-boot-starter-web-services
2021-08-05 19:22:06,499 INFO  [main] com.el.easupload.EasUploadApplicationTests : Started EasUploadApplicationTests in 2.751 seconds (JVM running for 3.732)
2021-08-05 19:22:06,806 INFO  [main] com.zaxxer.hikari.HikariDataSource : HikariPool-1 - Starting...
2021-08-05 19:22:06,810 WARN  [main] com.zaxxer.hikari.util.DriverDataSource : Registered driver with driverClassName=oracle.jdbc.driver.OracleDriver was not found, trying direct instantiation.
2021-08-05 19:22:09,080 INFO  [main] com.zaxxer.hikari.HikariDataSource : HikariPool-1 - Start completed.
2021-08-05 19:22:09,088 DEBUG [main] com.el.easupload.dao.F550911zDao.selectByExample : ==>  Preparing: select GLUKID, GLKCO, GLDCT, GLDOC, GLDGJ, GLJELN, GLEXTL, GLPOST, GLICU, GLICUT, GLDICJ, GLDSYJ, GLTICU, GLCO, GLANI, GLAM, GLAID, GLMCU, GLOBJ, GLSUB, GLSBL, GLSBLT, GLLT, GLPN, GLCTRY, GLFY, GLFQ, GLCRCD, GLCRR, GLHCRR, GLHDGJ, GLAA, GLU, GLUM, GLGLC, GLRE, GLEXA, GLEXR, GLR1, GLR2, GLR3, GLSFX, GLODOC, GLODCT, GLOSFX, GLPKCO, GLOKCO, GLPDCT, GLAN8, GLCN, GLDKJ, GLDKC, GLASID, GLBRE, GLRCND, GLSUMM, GLPRGE, GLTNN, GLALT1, GLALT2, GLALT3, GLALT4, GLALT5, GLALT6, GLALT7, GLALT8, GLALT9, GLALT0, GLALTT, GLALTU, GLALTV, GLALTW, GLALTX, GLALTZ, GLDLNA, GLCFF1, GLCFF2, GLASM, GLBC, GLVINV, GLIVD, GLWR01, GLPO, GLPSFX, GLDCTO, GLLNID, GLWY, GLWN, GLFNLP, GLOPSQ, GLJBCD, GLJBST, GLHMCU, GLDOI, GLALID, GLALTY, GLDSVJ, GLTORG, GLREG#, GLPYID, GLUSER, GLPID, GLJOBN, GLUPMJ, GLUPMT, GLABR1, GLABR2, GLABR3, GLABR4, GLABT1, GLABT2, GLABT3, GLABT4, GLITM, GLPM01, GLPM02, GLPM03, GLPM04, GLPM05, GLPM06, GLPM07, GLPM08, GLPM09, GLPM10, GLBCRC, GLCRRM, GLPRGF, GLTXA1, GLEXR1, GLTXITM, GLACTB, GLGPF1, GLACR, GLDLNID, GLCKNU, GLBUPC, GLAHBU, GLEPGC, GLJPGC, GLRC5, GLSFXE, GLOFM, GLD200, GLAG, GLAAP, GLEV01, GLEV02, GLEV03, GLEV04, GLEV05, GLD1, GLD2, GLD3, GLD4, GLD5, GLSRP1, GLSRP2, GLSRP3, GLSRP4, GLSRP5, GLDL01, GLDL02, GLDL03, GLDL04, GLDL05, GLDL06, GLDL07, GLDL08, GLDL09, GLDL10, GLDL11, GLDL12, GLDL13, GLDL14, GLDL15, GLAN11, GLAN12, GLAN13, GLAN14, GLAN15, GLDS01, GLDS02, GLDS03, GLDS04, GLDS05 from F550911Z WHERE ( GLUKID = ? )
2021-08-05 19:22:09,179 DEBUG [main] com.el.easupload.dao.F550911zDao.selectByExample : ==> Parameters: 3(BigDecimal)
2021-08-05 19:22:09,399 DEBUG [main] com.el.easupload.dao.F550911zDao.selectByExample : <==      Total: 2
2021-08-05 19:22:09,420 INFO  [SpringApplicationShutdownHook] com.zaxxer.hikari.HikariDataSource : HikariPool-1 - Shutdown initiated...
2021-08-05 19:22:09,891 INFO  [SpringApplicationShutdownHook] com.zaxxer.hikari.HikariDataSource : HikariPool-1 - Shutdown completed.
2021-08-05 19:37:04,925 INFO  [main] com.el.easupload.EasUploadApplicationTests : Starting EasUploadApplicationTests using Java 1.8.0_191 on XiaoXinPro with PID 12708 (started by alan in D:\Users\alan\IdeaProjects\EASUpload)
2021-08-05 19:37:04,926 DEBUG [main] com.el.easupload.EasUploadApplicationTests : Running with Spring Boot v2.5.3, Spring v5.3.9
2021-08-05 19:37:04,927 INFO  [main] com.el.easupload.EasUploadApplicationTests : No active profile set, falling back to default profiles: default
2021-08-05 19:37:05,847 INFO  [main] org.springframework.context.support.PostProcessorRegistrationDelegate$BeanPostProcessorChecker : Bean 'org.springframework.ws.config.annotation.DelegatingWsConfiguration' of type [org.springframework.ws.config.annotation.DelegatingWsConfiguration$$EnhancerBySpringCGLIB$$53773a67] is not eligible for getting processed by all BeanPostProcessors (for example: not eligible for auto-proxying)
2021-08-05 19:37:05,892 INFO  [main] org.springframework.ws.soap.addressing.server.AnnotationActionEndpointMapping : Supporting [WS-Addressing August 2004, WS-Addressing 1.0]
2021-08-05 19:37:06,570 WARN  [main] org.springframework.boot.autoconfigure.thymeleaf.ThymeleafAutoConfiguration$DefaultTemplateResolverConfiguration : Cannot find template location: classpath:/templates/ (please add some templates or check your Thymeleaf configuration)
2021-08-05 19:37:07,177 WARN  [main] org.springframework.boot.starter.ws.WsStarterDeprecationWarningAutoConfiguration : spring-boot-starter-ws is deprecated as of Spring Boot 1.4, please migrate to spring-boot-starter-web-services
2021-08-05 19:37:07,195 INFO  [main] com.el.easupload.EasUploadApplicationTests : Started EasUploadApplicationTests in 2.726 seconds (JVM running for 3.799)
2021-08-05 19:37:07,534 INFO  [main] com.zaxxer.hikari.HikariDataSource : HikariPool-1 - Starting...
2021-08-05 19:37:07,538 WARN  [main] com.zaxxer.hikari.util.DriverDataSource : Registered driver with driverClassName=oracle.jdbc.driver.OracleDriver was not found, trying direct instantiation.
2021-08-05 19:37:10,076 INFO  [main] com.zaxxer.hikari.HikariDataSource : HikariPool-1 - Start completed.
2021-08-05 19:37:10,083 DEBUG [main] com.el.easupload.dao.F550911zDao.selectByExample : ==>  Preparing: select GLUKID, GLKCO, GLDCT, GLDOC, GLDGJ, GLJELN, GLEXTL, GLPOST, GLICU, GLICUT, GLDICJ, GLDSYJ, GLTICU, GLCO, GLANI, GLAM, GLAID, GLMCU, GLOBJ, GLSUB, GLSBL, GLSBLT, GLLT, GLPN, GLCTRY, GLFY, GLFQ, GLCRCD, GLCRR, GLHCRR, GLHDGJ, GLAA, GLU, GLUM, GLGLC, GLRE, GLEXA, GLEXR, GLR1, GLR2, GLR3, GLSFX, GLODOC, GLODCT, GLOSFX, GLPKCO, GLOKCO, GLPDCT, GLAN8, GLCN, DECODE(GLDKJ,0,'0',TO_CHAR(TO_DATE( GLDKJ-100000,'YYDDD') ,'yyyy-MM-dd') ), GLDKC, GLASID, GLBRE, GLRCND, GLSUMM, GLPRGE, GLTNN, GLALT1, GLALT2, GLALT3, GLALT4, GLALT5, GLALT6, GLALT7, GLALT8, GLALT9, GLALT0, GLALTT, GLALTU, GLALTV, GLALTW, GLALTX, GLALTZ, GLDLNA, GLCFF1, GLCFF2, GLASM, GLBC, GLVINV, GLIVD, GLWR01, GLPO, GLPSFX, GLDCTO, GLLNID, GLWY, GLWN, GLFNLP, GLOPSQ, GLJBCD, GLJBST, GLHMCU, GLDOI, GLALID, GLALTY, GLDSVJ, GLTORG, GLREG#, GLPYID, GLUSER, GLPID, GLJOBN, GLUPMJ, GLUPMT, GLABR1, GLABR2, GLABR3, GLABR4, GLABT1, GLABT2, GLABT3, GLABT4, GLITM, GLPM01, GLPM02, GLPM03, GLPM04, GLPM05, GLPM06, GLPM07, GLPM08, GLPM09, GLPM10, GLBCRC, GLCRRM, GLPRGF, GLTXA1, GLEXR1, GLTXITM, GLACTB, GLGPF1, GLACR, GLDLNID, GLCKNU, GLBUPC, GLAHBU, GLEPGC, GLJPGC, GLRC5, GLSFXE, GLOFM, GLD200, GLAG, GLAAP, GLEV01, GLEV02, GLEV03, GLEV04, GLEV05, GLD1, GLD2, GLD3, GLD4, GLD5, GLSRP1, GLSRP2, GLSRP3, GLSRP4, GLSRP5, GLDL01, GLDL02, GLDL03, GLDL04, GLDL05, GLDL06, GLDL07, GLDL08, GLDL09, GLDL10, GLDL11, GLDL12, GLDL13, GLDL14, GLDL15, GLAN11, GLAN12, GLAN13, GLAN14, GLAN15, GLDS01, GLDS02, GLDS03, GLDS04, GLDS05 from F550911Z WHERE ( GLUKID = ? )
2021-08-05 19:37:10,195 DEBUG [main] com.el.easupload.dao.F550911zDao.selectByExample : ==> Parameters: 3(BigDecimal)
2021-08-05 19:37:10,441 DEBUG [main] com.el.easupload.dao.F550911zDao.selectByExample : <==      Total: 2
2021-08-05 19:37:10,460 INFO  [SpringApplicationShutdownHook] com.zaxxer.hikari.HikariDataSource : HikariPool-1 - Shutdown initiated...
2021-08-05 19:37:11,071 INFO  [SpringApplicationShutdownHook] com.zaxxer.hikari.HikariDataSource : HikariPool-1 - Shutdown completed.
2021-08-05 19:37:47,062 INFO  [main] com.el.easupload.EasUploadApplicationTests : Starting EasUploadApplicationTests using Java 1.8.0_191 on XiaoXinPro with PID 19428 (started by alan in D:\Users\alan\IdeaProjects\EASUpload)
2021-08-05 19:37:47,063 DEBUG [main] com.el.easupload.EasUploadApplicationTests : Running with Spring Boot v2.5.3, Spring v5.3.9
2021-08-05 19:37:47,065 INFO  [main] com.el.easupload.EasUploadApplicationTests : No active profile set, falling back to default profiles: default
2021-08-05 19:37:47,956 INFO  [main] org.springframework.context.support.PostProcessorRegistrationDelegate$BeanPostProcessorChecker : Bean 'org.springframework.ws.config.annotation.DelegatingWsConfiguration' of type [org.springframework.ws.config.annotation.DelegatingWsConfiguration$$EnhancerBySpringCGLIB$$91c04797] is not eligible for getting processed by all BeanPostProcessors (for example: not eligible for auto-proxying)
2021-08-05 19:37:48,000 INFO  [main] org.springframework.ws.soap.addressing.server.AnnotationActionEndpointMapping : Supporting [WS-Addressing August 2004, WS-Addressing 1.0]
2021-08-05 19:37:48,691 WARN  [main] org.springframework.boot.autoconfigure.thymeleaf.ThymeleafAutoConfiguration$DefaultTemplateResolverConfiguration : Cannot find template location: classpath:/templates/ (please add some templates or check your Thymeleaf configuration)
2021-08-05 19:37:49,244 WARN  [main] org.springframework.boot.starter.ws.WsStarterDeprecationWarningAutoConfiguration : spring-boot-starter-ws is deprecated as of Spring Boot 1.4, please migrate to spring-boot-starter-web-services
2021-08-05 19:37:49,262 INFO  [main] com.el.easupload.EasUploadApplicationTests : Started EasUploadApplicationTests in 2.598 seconds (JVM running for 3.516)
2021-08-05 19:37:49,586 INFO  [main] com.zaxxer.hikari.HikariDataSource : HikariPool-1 - Starting...
2021-08-05 19:37:49,590 WARN  [main] com.zaxxer.hikari.util.DriverDataSource : Registered driver with driverClassName=oracle.jdbc.driver.OracleDriver was not found, trying direct instantiation.
2021-08-05 19:37:51,983 INFO  [main] com.zaxxer.hikari.HikariDataSource : HikariPool-1 - Start completed.
2021-08-05 19:37:51,992 DEBUG [main] com.el.easupload.dao.F550911zDao.selectByExample : ==>  Preparing: select GLUKID, GLKCO, GLDCT, GLDOC, GLDGJ, GLJELN, GLEXTL, GLPOST, GLICU, GLICUT, GLDICJ, GLDSYJ, GLTICU, GLCO, GLANI, GLAM, GLAID, GLMCU, GLOBJ, GLSUB, GLSBL, GLSBLT, GLLT, GLPN, GLCTRY, GLFY, GLFQ, GLCRCD, GLCRR, GLHCRR, GLHDGJ, GLAA, GLU, GLUM, GLGLC, GLRE, GLEXA, GLEXR, GLR1, GLR2, GLR3, GLSFX, GLODOC, GLODCT, GLOSFX, GLPKCO, GLOKCO, GLPDCT, GLAN8, GLCN, DECODE(GLDKJ,0,'0',TO_CHAR(TO_DATE( GLDKJ-100000,'YYDDD') ,'yyyy-MM-dd') ), GLDKC, GLASID, GLBRE, GLRCND, GLSUMM, GLPRGE, GLTNN, GLALT1, GLALT2, GLALT3, GLALT4, GLALT5, GLALT6, GLALT7, GLALT8, GLALT9, GLALT0, GLALTT, GLALTU, GLALTV, GLALTW, GLALTX, GLALTZ, GLDLNA, GLCFF1, GLCFF2, GLASM, GLBC, GLVINV, GLIVD, GLWR01, GLPO, GLPSFX, GLDCTO, GLLNID, GLWY, GLWN, GLFNLP, GLOPSQ, GLJBCD, GLJBST, GLHMCU, GLDOI, GLALID, GLALTY, GLDSVJ, GLTORG, GLREG#, GLPYID, GLUSER, GLPID, GLJOBN, GLUPMJ, GLUPMT, GLABR1, GLABR2, GLABR3, GLABR4, GLABT1, GLABT2, GLABT3, GLABT4, GLITM, GLPM01, GLPM02, GLPM03, GLPM04, GLPM05, GLPM06, GLPM07, GLPM08, GLPM09, GLPM10, GLBCRC, GLCRRM, GLPRGF, GLTXA1, GLEXR1, GLTXITM, GLACTB, GLGPF1, GLACR, GLDLNID, GLCKNU, GLBUPC, GLAHBU, GLEPGC, GLJPGC, GLRC5, GLSFXE, GLOFM, GLD200, GLAG, GLAAP, GLEV01, GLEV02, GLEV03, GLEV04, GLEV05, GLD1, GLD2, GLD3, GLD4, GLD5, GLSRP1, GLSRP2, GLSRP3, GLSRP4, GLSRP5, GLDL01, GLDL02, GLDL03, GLDL04, GLDL05, GLDL06, GLDL07, GLDL08, GLDL09, GLDL10, GLDL11, GLDL12, GLDL13, GLDL14, GLDL15, GLAN11, GLAN12, GLAN13, GLAN14, GLAN15, GLDS01, GLDS02, GLDS03, GLDS04, GLDS05 from F550911Z WHERE ( GLUKID = ? )
2021-08-05 19:37:52,078 DEBUG [main] com.el.easupload.dao.F550911zDao.selectByExample : ==> Parameters: 3(BigDecimal)
2021-08-05 19:37:52,342 DEBUG [main] com.el.easupload.dao.F550911zDao.selectByExample : <==      Total: 2
2021-08-05 19:37:52,362 INFO  [SpringApplicationShutdownHook] com.zaxxer.hikari.HikariDataSource : HikariPool-1 - Shutdown initiated...
2021-08-05 19:37:53,056 INFO  [SpringApplicationShutdownHook] com.zaxxer.hikari.HikariDataSource : HikariPool-1 - Shutdown completed.
2021-08-05 19:38:02,527 INFO  [main] com.el.easupload.EasUploadApplicationTests : Starting EasUploadApplicationTests using Java 1.8.0_191 on XiaoXinPro with PID 8560 (started by alan in D:\Users\alan\IdeaProjects\EASUpload)
2021-08-05 19:38:02,528 DEBUG [main] com.el.easupload.EasUploadApplicationTests : Running with Spring Boot v2.5.3, Spring v5.3.9
2021-08-05 19:38:02,530 INFO  [main] com.el.easupload.EasUploadApplicationTests : No active profile set, falling back to default profiles: default
2021-08-05 19:38:03,427 INFO  [main] org.springframework.context.support.PostProcessorRegistrationDelegate$BeanPostProcessorChecker : Bean 'org.springframework.ws.config.annotation.DelegatingWsConfiguration' of type [org.springframework.ws.config.annotation.DelegatingWsConfiguration$$EnhancerBySpringCGLIB$$679efd5] is not eligible for getting processed by all BeanPostProcessors (for example: not eligible for auto-proxying)
2021-08-05 19:38:03,485 INFO  [main] org.springframework.ws.soap.addressing.server.AnnotationActionEndpointMapping : Supporting [WS-Addressing August 2004, WS-Addressing 1.0]
2021-08-05 19:38:04,160 WARN  [main] org.springframework.boot.autoconfigure.thymeleaf.ThymeleafAutoConfiguration$DefaultTemplateResolverConfiguration : Cannot find template location: classpath:/templates/ (please add some templates or check your Thymeleaf configuration)
2021-08-05 19:38:04,751 WARN  [main] org.springframework.boot.starter.ws.WsStarterDeprecationWarningAutoConfiguration : spring-boot-starter-ws is deprecated as of Spring Boot 1.4, please migrate to spring-boot-starter-web-services
2021-08-05 19:38:04,772 INFO  [main] com.el.easupload.EasUploadApplicationTests : Started EasUploadApplicationTests in 2.627 seconds (JVM running for 3.56)
2021-08-05 19:38:05,091 INFO  [main] com.zaxxer.hikari.HikariDataSource : HikariPool-1 - Starting...
2021-08-05 19:38:05,096 WARN  [main] com.zaxxer.hikari.util.DriverDataSource : Registered driver with driverClassName=oracle.jdbc.driver.OracleDriver was not found, trying direct instantiation.
2021-08-05 19:38:07,507 INFO  [main] com.zaxxer.hikari.HikariDataSource : HikariPool-1 - Start completed.
2021-08-05 19:38:07,516 DEBUG [main] com.el.easupload.dao.F550911zDao.selectByExample : ==>  Preparing: select GLUKID, GLKCO, GLDCT, GLDOC, GLDGJ, GLJELN, GLEXTL, GLPOST, GLICU, GLICUT, GLDICJ, GLDSYJ, GLTICU, GLCO, GLANI, GLAM, GLAID, GLMCU, GLOBJ, GLSUB, GLSBL, GLSBLT, GLLT, GLPN, GLCTRY, GLFY, GLFQ, GLCRCD, GLCRR, GLHCRR, GLHDGJ, GLAA, GLU, GLUM, GLGLC, GLRE, GLEXA, GLEXR, GLR1, GLR2, GLR3, GLSFX, GLODOC, GLODCT, GLOSFX, GLPKCO, GLOKCO, GLPDCT, GLAN8, GLCN, DECODE(GLDKJ,0,'0',TO_CHAR(TO_DATE( GLDKJ-100000,'YYDDD') ,'yyyy-MM-dd') ), GLDKC, GLASID, GLBRE, GLRCND, GLSUMM, GLPRGE, GLTNN, GLALT1, GLALT2, GLALT3, GLALT4, GLALT5, GLALT6, GLALT7, GLALT8, GLALT9, GLALT0, GLALTT, GLALTU, GLALTV, GLALTW, GLALTX, GLALTZ, GLDLNA, GLCFF1, GLCFF2, GLASM, GLBC, GLVINV, GLIVD, GLWR01, GLPO, GLPSFX, GLDCTO, GLLNID, GLWY, GLWN, GLFNLP, GLOPSQ, GLJBCD, GLJBST, GLHMCU, GLDOI, GLALID, GLALTY, GLDSVJ, GLTORG, GLREG#, GLPYID, GLUSER, GLPID, GLJOBN, GLUPMJ, GLUPMT, GLABR1, GLABR2, GLABR3, GLABR4, GLABT1, GLABT2, GLABT3, GLABT4, GLITM, GLPM01, GLPM02, GLPM03, GLPM04, GLPM05, GLPM06, GLPM07, GLPM08, GLPM09, GLPM10, GLBCRC, GLCRRM, GLPRGF, GLTXA1, GLEXR1, GLTXITM, GLACTB, GLGPF1, GLACR, GLDLNID, GLCKNU, GLBUPC, GLAHBU, GLEPGC, GLJPGC, GLRC5, GLSFXE, GLOFM, GLD200, GLAG, GLAAP, GLEV01, GLEV02, GLEV03, GLEV04, GLEV05, GLD1, GLD2, GLD3, GLD4, GLD5, GLSRP1, GLSRP2, GLSRP3, GLSRP4, GLSRP5, GLDL01, GLDL02, GLDL03, GLDL04, GLDL05, GLDL06, GLDL07, GLDL08, GLDL09, GLDL10, GLDL11, GLDL12, GLDL13, GLDL14, GLDL15, GLAN11, GLAN12, GLAN13, GLAN14, GLAN15, GLDS01, GLDS02, GLDS03, GLDS04, GLDS05 from F550911Z WHERE ( GLUKID = ? )
2021-08-05 19:38:07,608 DEBUG [main] com.el.easupload.dao.F550911zDao.selectByExample : ==> Parameters: 3(BigDecimal)
2021-08-05 19:38:07,872 DEBUG [main] com.el.easupload.dao.F550911zDao.selectByExample : <==      Total: 2
2021-08-05 19:38:07,891 INFO  [SpringApplicationShutdownHook] com.zaxxer.hikari.HikariDataSource : HikariPool-1 - Shutdown initiated...
2021-08-05 19:38:08,558 INFO  [SpringApplicationShutdownHook] com.zaxxer.hikari.HikariDataSource : HikariPool-1 - Shutdown completed.
2021-08-05 19:39:01,560 INFO  [main] com.el.easupload.EasUploadApplicationTests : Starting EasUploadApplicationTests using Java 1.8.0_191 on XiaoXinPro with PID 1864 (started by alan in D:\Users\alan\IdeaProjects\EASUpload)
2021-08-05 19:39:01,561 DEBUG [main] com.el.easupload.EasUploadApplicationTests : Running with Spring Boot v2.5.3, Spring v5.3.9
2021-08-05 19:39:01,564 INFO  [main] com.el.easupload.EasUploadApplicationTests : No active profile set, falling back to default profiles: default
2021-08-05 19:39:02,407 INFO  [main] org.springframework.context.support.PostProcessorRegistrationDelegate$BeanPostProcessorChecker : Bean 'org.springframework.ws.config.annotation.DelegatingWsConfiguration' of type [org.springframework.ws.config.annotation.DelegatingWsConfiguration$$EnhancerBySpringCGLIB$$3d319193] is not eligible for getting processed by all BeanPostProcessors (for example: not eligible for auto-proxying)
2021-08-05 19:39:02,450 INFO  [main] org.springframework.ws.soap.addressing.server.AnnotationActionEndpointMapping : Supporting [WS-Addressing August 2004, WS-Addressing 1.0]
2021-08-05 19:39:03,133 WARN  [main] org.springframework.boot.autoconfigure.thymeleaf.ThymeleafAutoConfiguration$DefaultTemplateResolverConfiguration : Cannot find template location: classpath:/templates/ (please add some templates or check your Thymeleaf configuration)
2021-08-05 19:39:03,671 WARN  [main] org.springframework.boot.starter.ws.WsStarterDeprecationWarningAutoConfiguration : spring-boot-starter-ws is deprecated as of Spring Boot 1.4, please migrate to spring-boot-starter-web-services
2021-08-05 19:39:03,695 INFO  [main] com.el.easupload.EasUploadApplicationTests : Started EasUploadApplicationTests in 2.517 seconds (JVM running for 3.45)
2021-08-05 19:39:03,999 INFO  [main] com.zaxxer.hikari.HikariDataSource : HikariPool-1 - Starting...
2021-08-05 19:39:04,004 WARN  [main] com.zaxxer.hikari.util.DriverDataSource : Registered driver with driverClassName=oracle.jdbc.driver.OracleDriver was not found, trying direct instantiation.
2021-08-05 19:39:06,350 INFO  [main] com.zaxxer.hikari.HikariDataSource : HikariPool-1 - Start completed.
2021-08-05 19:39:06,358 DEBUG [main] com.el.easupload.dao.F550911zDao.selectByExample : ==>  Preparing: select GLUKID, GLKCO, GLDCT, GLDOC, GLDGJ, GLJELN, GLEXTL, GLPOST, GLICU, GLICUT, GLDICJ, GLDSYJ, GLTICU, GLCO, GLANI, GLAM, GLAID, GLMCU, GLOBJ, GLSUB, GLSBL, GLSBLT, GLLT, GLPN, GLCTRY, GLFY, GLFQ, GLCRCD, GLCRR, GLHCRR, GLHDGJ, GLAA, GLU, GLUM, GLGLC, GLRE, GLEXA, GLEXR, GLR1, GLR2, GLR3, GLSFX, GLODOC, GLODCT, GLOSFX, GLPKCO, GLOKCO, GLPDCT, GLAN8, GLCN, DECODE(GLDKJ,0,'0',TO_CHAR(TO_DATE( GLDKJ-100000,'YYDDD') ,'yyyy-MM-dd') ) GLDKJ, GLDKC, GLASID, GLBRE, GLRCND, GLSUMM, GLPRGE, GLTNN, GLALT1, GLALT2, GLALT3, GLALT4, GLALT5, GLALT6, GLALT7, GLALT8, GLALT9, GLALT0, GLALTT, GLALTU, GLALTV, GLALTW, GLALTX, GLALTZ, GLDLNA, GLCFF1, GLCFF2, GLASM, GLBC, GLVINV, GLIVD, GLWR01, GLPO, GLPSFX, GLDCTO, GLLNID, GLWY, GLWN, GLFNLP, GLOPSQ, GLJBCD, GLJBST, GLHMCU, GLDOI, GLALID, GLALTY, GLDSVJ, GLTORG, GLREG#, GLPYID, GLUSER, GLPID, GLJOBN, GLUPMJ, GLUPMT, GLABR1, GLABR2, GLABR3, GLABR4, GLABT1, GLABT2, GLABT3, GLABT4, GLITM, GLPM01, GLPM02, GLPM03, GLPM04, GLPM05, GLPM06, GLPM07, GLPM08, GLPM09, GLPM10, GLBCRC, GLCRRM, GLPRGF, GLTXA1, GLEXR1, GLTXITM, GLACTB, GLGPF1, GLACR, GLDLNID, GLCKNU, GLBUPC, GLAHBU, GLEPGC, GLJPGC, GLRC5, GLSFXE, GLOFM, GLD200, GLAG, GLAAP, GLEV01, GLEV02, GLEV03, GLEV04, GLEV05, GLD1, GLD2, GLD3, GLD4, GLD5, GLSRP1, GLSRP2, GLSRP3, GLSRP4, GLSRP5, GLDL01, GLDL02, GLDL03, GLDL04, GLDL05, GLDL06, GLDL07, GLDL08, GLDL09, GLDL10, GLDL11, GLDL12, GLDL13, GLDL14, GLDL15, GLAN11, GLAN12, GLAN13, GLAN14, GLAN15, GLDS01, GLDS02, GLDS03, GLDS04, GLDS05 from F550911Z WHERE ( GLUKID = ? )
2021-08-05 19:39:06,446 DEBUG [main] com.el.easupload.dao.F550911zDao.selectByExample : ==> Parameters: 3(BigDecimal)
2021-08-05 19:39:06,761 INFO  [SpringApplicationShutdownHook] com.zaxxer.hikari.HikariDataSource : HikariPool-1 - Shutdown initiated...
2021-08-05 19:39:07,324 INFO  [SpringApplicationShutdownHook] com.zaxxer.hikari.HikariDataSource : HikariPool-1 - Shutdown completed.
